#
# A fatal error has been detected by the Java Runtime Environment:
#
#  EXCEPTION_ACCESS_VIOLATION (0xc0000005) at pc=0x0000000050cacab3, pid=3888, tid=0x00000000000030c4
#
# JRE version: Java(TM) SE Runtime Environment (8.0_251-b08) (build 1.8.0_251-b08)
# Java VM: Java HotSpot(TM) 64-Bit Server VM (25.251-b08 mixed mode windows-amd64 compressed oops)
# Problematic frame:
# C  0x0000000050cacab3
#
# Failed to write core dump. Minidumps are not enabled by default on client versions of Windows
#
# If you would like to submit a bug report, please visit:
#   http://bugreport.java.com/bugreport/crash.jsp
#

---------------  T H R E A D  ---------------

Current thread (0x000001f9504e9800):  VMThread [stack: 0x000000814cb40000,0x000000814cd30000] [id=12484]

siginfo: ExceptionCode=0xc0000005, reading address 0x000000814e27f200

Registers:
RAX=0x000000814e27f208, RBX=0x000000814cd2eda0, RCX=0x000000814cd2edd0, RDX=0x000000814cd2eda0
RSP=0x000000814cd2ed20, RBP=0x0000000000000000, RSI=0x0000000000000008, RDI=0x0000000051190a18
R8 =0x000000814cd2ee00, R9 =0x000001f93e1e9f02, R10=0x000001f9504f098a, R11=0x000001f93e1e9f02
R12=0x0000000000000000, R13=0x0000000000000000, R14=0x0000000000000000, R15=0x000000000000000b
RIP=0x0000000050cacab3, EFLAGS=0x0000000000010202

Top of Stack: (sp=0x000000814cd2ed20)
0x000000814cd2ed20:   000001f9526ad000 000001f9504e87b0
0x000000814cd2ed30:   0000000900000000 0000000a00000000
0x000000814cd2ed40:   0000000051190a18 0000000050caceb3
0x000000814cd2ed50:   000000814cd2eda0 0000000000000000
0x000000814cd2ed60:   0000000000000008 000000814e27f190
0x000000814cd2ed70:   000001f9526ad000 0000000050c13254
0x000000814cd2ed80:   000001f9526ad000 0000000000000000
0x000000814cd2ed90:   0000000000000008 0000000050c5e40c
0x000000814cd2eda0:   000000814cd2ef10 00007ffeed0207bd
0x000000814cd2edb0:   000000814cd2ef50 000001f93e0c0000
0x000000814cd2edc0:   0000000000000000 000001f952c04220
0x000000814cd2edd0:   000000814e27f190 000001f93e1e9f02
0x000000814cd2ede0:   000001f93e1d56d0 0000000000000000
0x000000814cd2edf0:   000000814e27f208 000000814e27f190
0x000000814cd2ee00:   0000000000000000 0000000050ddcabe
0x000000814cd2ee10:   000001f94fec4dd0 0000000000000000 

Instructions: (pc=0x0000000050cacab3)
0x0000000050caca93:   24 08 48 89 6c 24 10 48 89 74 24 18 57 48 83 ec
0x0000000050cacaa3:   20 41 80 b8 b0 05 00 00 00 48 8b 41 20 48 8b da
0x0000000050cacab3:   48 8b 68 f8 48 8d 70 10 48 8b f9 74 0b 48 8b d0
0x0000000050cacac3:   49 8b c8 e8 25 ff ff ff 48 8b 47 20 48 8b 48 08 


Register to memory mapping:

RAX=0x000000814e27f208 is pointing into the stack for thread: 0x000001f9526ad000
RBX=0x000000814cd2eda0 is an unknown value
RCX=0x000000814cd2edd0 is an unknown value
RDX=0x000000814cd2eda0 is an unknown value
RSP=0x000000814cd2ed20 is an unknown value
RBP=0x0000000000000000 is an unknown value
RSI=0x0000000000000008 is an unknown value
RDI=0x0000000051190a18 is an unknown value
R8 =0x000000814cd2ee00 is an unknown value
R9 =0x000001f93e1e9f02 is at code_begin+962 in an Interpreter codelet
method entry point (kind = native)  [0x000001f93e1e9b40, 0x000001f93e1ea5e0]  2720 bytes
R10=0x000001f9504f098a is an unknown value
R11=0x000001f93e1e9f02 is at code_begin+962 in an Interpreter codelet
method entry point (kind = native)  [0x000001f93e1e9b40, 0x000001f93e1ea5e0]  2720 bytes
R12=0x0000000000000000 is an unknown value
R13=0x0000000000000000 is an unknown value
R14=0x0000000000000000 is an unknown value
R15=0x000000000000000b is an unknown value


Stack: [0x000000814cb40000,0x000000814cd30000],  sp=0x000000814cd2ed20,  free space=1979k
Native frames: (J=compiled Java code, j=interpreted, Vv=VM code, C=native code)

VM_Operation (0x000000814b5eef40): ParallelGCSystemGC, mode: safepoint, requested by thread 0x000001f93e0ce000


---------------  P R O C E S S  ---------------

Java Threads: ( => current thread )
  0x000001f9526ad000 JavaThread "Thread-0" daemon [_thread_in_native, id=1156, stack(0x000000814e090000,0x000000814e280000)]
  0x000001f95231b000 JavaThread "Service Thread" daemon [_thread_blocked, id=15056, stack(0x000000814dcb0000,0x000000814dea0000)]
  0x000001f952272800 JavaThread "C1 CompilerThread3" daemon [_thread_blocked, id=15252, stack(0x000000814dac0000,0x000000814dcb0000)]
  0x000001f95226d000 JavaThread "C2 CompilerThread2" daemon [_thread_blocked, id=3832, stack(0x000000814d8d0000,0x000000814dac0000)]
  0x000001f95226a000 JavaThread "C2 CompilerThread1" daemon [_thread_blocked, id=13100, stack(0x000000814d6e0000,0x000000814d8d0000)]
  0x000001f952268000 JavaThread "C2 CompilerThread0" daemon [_thread_blocked, id=14996, stack(0x000000814d4f0000,0x000000814d6e0000)]
  0x000001f9504fe000 JavaThread "Attach Listener" daemon [_thread_blocked, id=404, stack(0x000000814d300000,0x000000814d4f0000)]
  0x000001f952264800 JavaThread "Signal Dispatcher" daemon [_thread_blocked, id=2152, stack(0x000000814d110000,0x000000814d300000)]
  0x000001f93e1c9800 JavaThread "Finalizer" daemon [_thread_blocked, id=8760, stack(0x000000814cf20000,0x000000814d110000)]
  0x000001f93e1c8000 JavaThread "Reference Handler" daemon [_thread_blocked, id=10232, stack(0x000000814cd30000,0x000000814cf20000)]
  0x000001f93e0ce000 JavaThread "main" [_thread_blocked, id=9620, stack(0x000000814b400000,0x000000814b5f0000)]

Other Threads:
=>0x000001f9504e9800 VMThread [stack: 0x000000814cb40000,0x000000814cd30000] [id=12484]
  0x000001f95231e000 WatcherThread [stack: 0x000000814dea0000,0x000000814e090000] [id=8872]

VM state:at safepoint (normal execution)

VM Mutex/Monitor currently owned by a thread:  ([mutex/lock_event])
[0x000001f93e0cd080] Safepoint_lock - owner thread: 0x000001f9504e9800
[0x000001f93e0ccb80] Threads_lock - owner thread: 0x000001f9504e9800
[0x000001f93e0ccd80] Heap_lock - owner thread: 0x000001f93e0ce000

heap address: 0x00000000c0000000, size: 1024 MB, Compressed Oops mode: 32-bit
Narrow klass base: 0x0000000000000000, Narrow klass shift: 3
Compressed class space size: 1073741824 Address: 0x0000000100000000

Heap:
 PSYoungGen      total 161280K, used 0K [0x00000000eab00000, 0x00000000f5300000, 0x0000000100000000)
  eden space 150528K, 0% used [0x00000000eab00000,0x00000000eab00000,0x00000000f3e00000)
  from space 10752K, 0% used [0x00000000f3e00000,0x00000000f3e00000,0x00000000f4880000)
  to   space 10752K, 0% used [0x00000000f4880000,0x00000000f4880000,0x00000000f5300000)
 ParOldGen       total 359424K, used 1529K [0x00000000c0000000, 0x00000000d5f00000, 0x00000000eab00000)
  object space 359424K, 0% used [0x00000000c0000000,0x00000000c017e6d8,0x00000000d5f00000)
 Metaspace       used 5323K, capacity 5582K, committed 5888K, reserved 1056768K
  class space    used 581K, capacity 685K, committed 768K, reserved 1048576K

Card table byte_map: [0x000001f94d590000,0x000001f94d7a0000] byte_map_base: 0x000001f94cf90000

Marking Bits: (ParMarkBitMap*) 0x00000000511faf90
 Begin Bits: [0x000001f94d900000, 0x000001f94e900000)
 End Bits:   [0x000001f94e900000, 0x000001f94f900000)

Polling page: 0x000001f93dff0000

CodeCache: size=245760Kb used=3824Kb max_used=3840Kb free=241935Kb
 bounds [0x000001f93e1d0000, 0x000001f93e5a0000, 0x000001f94d1d0000]
 total_blobs=1225 nmethods=939 adapters=199
 compilation: enabled

Compilation events (10 events):
Event: 7.010 Thread 0x000001f95226d000 nmethod 947 0x000001f93e574790 code [0x000001f93e5748e0, 0x000001f93e5749b8]
Event: 7.010 Thread 0x000001f95226d000  944       4       kr.co.shineware.nlp.komoran.core.Komoran::lookupFwd (94 bytes)
Event: 7.010 Thread 0x000001f95226d000 nmethod 944 0x000001f93e55aed0 code [0x000001f93e55b000, 0x000001f93e55b098]
Event: 7.010 Thread 0x000001f95226d000  945       4       org.jpype.manager.TypeManager::findClassForObject (41 bytes)
Event: 7.021 Thread 0x000001f95226a000 nmethod 927 0x000001f93e58d410 code [0x000001f93e58d640, 0x000001f93e58f268]
Event: 7.021 Thread 0x000001f95226a000  949       4       java.lang.Class::getSimpleName (120 bytes)
Event: 7.035 Thread 0x000001f95226a000 nmethod 949 0x000001f93e58a610 code [0x000001f93e58a840, 0x000001f93e58b1a8]
Event: 7.035 Thread 0x000001f95226a000  953       4       kr.co.shineware.nlp.komoran.core.model.Lattice::getMaxTransitionNodeFromPrevNodes (354 bytes)
Event: 7.056 Thread 0x000001f95226d000 nmethod 945 0x000001f93e591690 code [0x000001f93e591900, 0x000001f93e592b88]
Event: 7.056 Thread 0x000001f95226d000  954       4       kr.co.shineware.nlp.komoran.core.model.Lattice::putIrregularExtendTokens (380 bytes)

GC Heap History (10 events):
Event: 4.179 GC heap before
{Heap before GC invocations=17 (full 8):
 PSYoungGen      total 140800K, used 4864K [0x00000000eab00000, 0x00000000f5300000, 0x0000000100000000)
  eden space 130048K, 0% used [0x00000000eab00000,0x00000000eab00000,0x00000000f2a00000)
  from space 10752K, 45% used [0x00000000f2a00000,0x00000000f2ec0000,0x00000000f3480000)
  to   space 10752K, 0% used [0x00000000f4880000,0x00000000f4880000,0x00000000f5300000)
 ParOldGen       total 359424K, used 169568K [0x00000000c0000000, 0x00000000d5f00000, 0x00000000eab00000)
  object space 359424K, 47% used [0x00000000c0000000,0x00000000ca598070,0x00000000d5f00000)
 Metaspace       used 5095K, capacity 5366K, committed 5632K, reserved 1056768K
  class space    used 568K, capacity 681K, committed 768K, reserved 1048576K
Event: 4.390 GC heap after
Heap after GC invocations=17 (full 8):
 PSYoungGen      total 140800K, used 0K [0x00000000eab00000, 0x00000000f5300000, 0x0000000100000000)
  eden space 130048K, 0% used [0x00000000eab00000,0x00000000eab00000,0x00000000f2a00000)
  from space 10752K, 0% used [0x00000000f2a00000,0x00000000f2a00000,0x00000000f3480000)
  to   space 10752K, 0% used [0x00000000f4880000,0x00000000f4880000,0x00000000f5300000)
 ParOldGen       total 359424K, used 174269K [0x00000000c0000000, 0x00000000d5f00000, 0x00000000eab00000)
  object space 359424K, 48% used [0x00000000c0000000,0x00000000caa2f4f8,0x00000000d5f00000)
 Metaspace       used 5095K, capacity 5366K, committed 5632K, reserved 1056768K
  class space    used 568K, capacity 681K, committed 768K, reserved 1048576K
}
Event: 7.072 GC heap before
{Heap before GC invocations=18 (full 8):
 PSYoungGen      total 140800K, used 102086K [0x00000000eab00000, 0x00000000f5300000, 0x0000000100000000)
  eden space 130048K, 78% used [0x00000000eab00000,0x00000000f0eb1ab8,0x00000000f2a00000)
  from space 10752K, 0% used [0x00000000f2a00000,0x00000000f2a00000,0x00000000f3480000)
  to   space 10752K, 0% used [0x00000000f4880000,0x00000000f4880000,0x00000000f5300000)
 ParOldGen       total 359424K, used 174269K [0x00000000c0000000, 0x00000000d5f00000, 0x00000000eab00000)
  object space 359424K, 48% used [0x00000000c0000000,0x00000000caa2f4f8,0x00000000d5f00000)
 Metaspace       used 5323K, capacity 5582K, committed 5888K, reserved 1056768K
  class space    used 581K, capacity 685K, committed 768K, reserved 1048576K
Event: 7.114 GC heap after
Heap after GC invocations=18 (full 8):
 PSYoungGen      total 161280K, used 10752K [0x00000000eab00000, 0x00000000f5300000, 0x0000000100000000)
  eden space 150528K, 0% used [0x00000000eab00000,0x00000000eab00000,0x00000000f3e00000)
  from space 10752K, 100% used [0x00000000f4880000,0x00000000f5300000,0x00000000f5300000)
  to   space 10752K, 0% used [0x00000000f3e00000,0x00000000f3e00000,0x00000000f4880000)
 ParOldGen       total 359424K, used 174998K [0x00000000c0000000, 0x00000000d5f00000, 0x00000000eab00000)
  object space 359424K, 48% used [0x00000000c0000000,0x00000000caae59f0,0x00000000d5f00000)
 Metaspace       used 5323K, capacity 5582K, committed 5888K, reserved 1056768K
  class space    used 581K, capacity 685K, committed 768K, reserved 1048576K
}
Event: 7.114 GC heap before
{Heap before GC invocations=19 (full 9):
 PSYoungGen      total 161280K, used 10752K [0x00000000eab00000, 0x00000000f5300000, 0x0000000100000000)
  eden space 150528K, 0% used [0x00000000eab00000,0x00000000eab00000,0x00000000f3e00000)
  from space 10752K, 100% used [0x00000000f4880000,0x00000000f5300000,0x00000000f5300000)
  to   space 10752K, 0% used [0x00000000f3e00000,0x00000000f3e00000,0x00000000f4880000)
 ParOldGen       total 359424K, used 174998K [0x00000000c0000000, 0x00000000d5f00000, 0x00000000eab00000)
  object space 359424K, 48% used [0x00000000c0000000,0x00000000caae59f0,0x00000000d5f00000)
 Metaspace       used 5323K, capacity 5582K, committed 5888K, reserved 1056768K
  class space    used 581K, capacity 685K, committed 768K, reserved 1048576K
Event: 7.678 GC heap after
Heap after GC invocations=19 (full 9):
 PSYoungGen      total 161280K, used 0K [0x00000000eab00000, 0x00000000f5300000, 0x0000000100000000)
  eden space 150528K, 0% used [0x00000000eab00000,0x00000000eab00000,0x00000000f3e00000)
  from space 10752K, 0% used [0x00000000f4880000,0x00000000f4880000,0x00000000f5300000)
  to   space 10752K, 0% used [0x00000000f3e00000,0x00000000f3e00000,0x00000000f4880000)
 ParOldGen       total 359424K, used 172955K [0x00000000c0000000, 0x00000000d5f00000, 0x00000000eab00000)
  object space 359424K, 48% used [0x00000000c0000000,0x00000000ca8e6ef8,0x00000000d5f00000)
 Metaspace       used 5323K, capacity 5582K, committed 5888K, reserved 1056768K
  class space    used 581K, capacity 685K, committed 768K, reserved 1048576K
}
Event: 7.680 GC heap before
{Heap before GC invocations=20 (full 9):
 PSYoungGen      total 161280K, used 636K [0x00000000eab00000, 0x00000000f5300000, 0x0000000100000000)
  eden space 150528K, 0% used [0x00000000eab00000,0x00000000eab9f030,0x00000000f3e00000)
  from space 10752K, 0% used [0x00000000f4880000,0x00000000f4880000,0x00000000f5300000)
  to   space 10752K, 0% used [0x00000000f3e00000,0x00000000f3e00000,0x00000000f4880000)
 ParOldGen       total 359424K, used 172955K [0x00000000c0000000, 0x00000000d5f00000, 0x00000000eab00000)
  object space 359424K, 48% used [0x00000000c0000000,0x00000000ca8e6ef8,0x00000000d5f00000)
 Metaspace       used 5323K, capacity 5582K, committed 5888K, reserved 1056768K
  class space    used 581K, capacity 685K, committed 768K, reserved 1048576K
Event: 7.681 GC heap after
Heap after GC invocations=20 (full 9):
 PSYoungGen      total 161280K, used 64K [0x00000000eab00000, 0x00000000f5300000, 0x0000000100000000)
  eden space 150528K, 0% used [0x00000000eab00000,0x00000000eab00000,0x00000000f3e00000)
  from space 10752K, 0% used [0x00000000f3e00000,0x00000000f3e10000,0x00000000f4880000)
  to   space 10752K, 0% used [0x00000000f4880000,0x00000000f4880000,0x00000000f5300000)
 ParOldGen       total 359424K, used 172955K [0x00000000c0000000, 0x00000000d5f00000, 0x00000000eab00000)
  object space 359424K, 48% used [0x00000000c0000000,0x00000000ca8e6ef8,0x00000000d5f00000)
 Metaspace       used 5323K, capacity 5582K, committed 5888K, reserved 1056768K
  class space    used 581K, capacity 685K, committed 768K, reserved 1048576K
}
Event: 7.681 GC heap before
{Heap before GC invocations=21 (full 10):
 PSYoungGen      total 161280K, used 64K [0x00000000eab00000, 0x00000000f5300000, 0x0000000100000000)
  eden space 150528K, 0% used [0x00000000eab00000,0x00000000eab00000,0x00000000f3e00000)
  from space 10752K, 0% used [0x00000000f3e00000,0x00000000f3e10000,0x00000000f4880000)
  to   space 10752K, 0% used [0x00000000f4880000,0x00000000f4880000,0x00000000f5300000)
 ParOldGen       total 359424K, used 172955K [0x00000000c0000000, 0x00000000d5f00000, 0x00000000eab00000)
  object space 359424K, 48% used [0x00000000c0000000,0x00000000ca8e6ef8,0x00000000d5f00000)
 Metaspace       used 5323K, capacity 5582K, committed 5888K, reserved 1056768K
  class space    used 581K, capacity 685K, committed 768K, reserved 1048576K
Event: 7.703 GC heap after
Heap after GC invocations=21 (full 10):
 PSYoungGen      total 161280K, used 0K [0x00000000eab00000, 0x00000000f5300000, 0x0000000100000000)
  eden space 150528K, 0% used [0x00000000eab00000,0x00000000eab00000,0x00000000f3e00000)
  from space 10752K, 0% used [0x00000000f3e00000,0x00000000f3e00000,0x00000000f4880000)
  to   space 10752K, 0% used [0x00000000f4880000,0x00000000f4880000,0x00000000f5300000)
 ParOldGen       total 359424K, used 1529K [0x00000000c0000000, 0x00000000d5f00000, 0x00000000eab00000)
  object space 359424K, 0% used [0x00000000c0000000,0x00000000c017e6d8,0x00000000d5f00000)
 Metaspace       used 5323K, capacity 5582K, committed 5888K, reserved 1056768K
  class space    used 581K, capacity 685K, committed 768K, reserved 1048576K
}

Deoptimization events (10 events):
Event: 6.817 Thread 0x000001f93e0ce000 Uncommon trap: reason=class_check action=maybe_recompile pc=0x000001f93e4574e0 method=sun.reflect.DelegatingMethodAccessorImpl.invoke(Ljava/lang/Object;[Ljava/lang/Object;)Ljava/lang/Object; @ 6
Event: 6.817 Thread 0x000001f93e0ce000 Uncommon trap: reason=class_check action=maybe_recompile pc=0x000001f93e4574e0 method=sun.reflect.DelegatingMethodAccessorImpl.invoke(Ljava/lang/Object;[Ljava/lang/Object;)Ljava/lang/Object; @ 6
Event: 6.818 Thread 0x000001f93e0ce000 Uncommon trap: reason=class_check action=maybe_recompile pc=0x000001f93e4574e0 method=sun.reflect.DelegatingMethodAccessorImpl.invoke(Ljava/lang/Object;[Ljava/lang/Object;)Ljava/lang/Object; @ 6
Event: 6.838 Thread 0x000001f93e0ce000 Uncommon trap: reason=class_check action=maybe_recompile pc=0x000001f93e4e6860 method=java.util.HashMap.putVal(ILjava/lang/Object;Ljava/lang/Object;ZZ)Ljava/lang/Object; @ 91
Event: 6.838 Thread 0x000001f93e0ce000 Uncommon trap: reason=class_check action=maybe_recompile pc=0x000001f93e4e6860 method=java.util.HashMap.putVal(ILjava/lang/Object;Ljava/lang/Object;ZZ)Ljava/lang/Object; @ 91
Event: 6.838 Thread 0x000001f93e0ce000 Uncommon trap: reason=class_check action=maybe_recompile pc=0x000001f93e4e6860 method=java.util.HashMap.putVal(ILjava/lang/Object;Ljava/lang/Object;ZZ)Ljava/lang/Object; @ 91
Event: 6.838 Thread 0x000001f93e0ce000 Uncommon trap: reason=class_check action=maybe_recompile pc=0x000001f93e4e6860 method=java.util.HashMap.putVal(ILjava/lang/Object;Ljava/lang/Object;ZZ)Ljava/lang/Object; @ 91
Event: 6.838 Thread 0x000001f93e0ce000 Uncommon trap: reason=class_check action=maybe_recompile pc=0x000001f93e4eaf30 method=java.util.HashMap.putVal(ILjava/lang/Object;Ljava/lang/Object;ZZ)Ljava/lang/Object; @ 91
Event: 6.838 Thread 0x000001f93e0ce000 Uncommon trap: reason=unstable_if action=reinterpret pc=0x000001f93e5081f4 method=java.lang.Integer.valueOf(I)Ljava/lang/Integer; @ 10
Event: 7.005 Thread 0x000001f93e0ce000 Uncommon trap: reason=unstable_if action=reinterpret pc=0x000001f93e57c428 method=kr.co.shineware.nlp.komoran.core.model.Lattice.getMaxTransitionNodeFromPrevNodes(Ljava/util/List;IILjava/lang/String;Ljava/lang/String;ID)Lkr/co/shineware/nlp/komoran/core/m

Classes redefined (0 events):
No events

Internal exceptions (10 events):
Event: 0.038 Thread 0x000001f93e0ce000 Exception <a 'java/lang/NoSuchMethodError': Method sun.misc.Unsafe.prefetchRead(Ljava/lang/Object;J)V name or signature does not match> (0x00000000eab07fa8) thrown at [C:\jenkins\workspace\8-2-build-windows-amd64-cygwin\jdk8u251\737\hotspot\src\share\vm\p
Event: 0.105 Thread 0x000001f93e0ce000 Exception <a 'java/io/IOException'> (0x00000000eaba0ed8) thrown at [C:\jenkins\workspace\8-2-build-windows-amd64-cygwin\jdk8u251\737\hotspot\src\share\vm\prims\jni.cpp, line 710]
Event: 0.108 Thread 0x000001f93e0ce000 Exception <a 'java/io/IOException'> (0x00000000eaba87f8) thrown at [C:\jenkins\workspace\8-2-build-windows-amd64-cygwin\jdk8u251\737\hotspot\src\share\vm\prims\jni.cpp, line 710]
Event: 0.175 Thread 0x000001f93e0ce000 Exception <a 'java/security/PrivilegedActionException'> (0x00000000eac08288) thrown at [C:\jenkins\workspace\8-2-build-windows-amd64-cygwin\jdk8u251\737\hotspot\src\share\vm\prims\jvm.cpp, line 1502]
Event: 0.175 Thread 0x000001f93e0ce000 Exception <a 'java/security/PrivilegedActionException'> (0x00000000eac08498) thrown at [C:\jenkins\workspace\8-2-build-windows-amd64-cygwin\jdk8u251\737\hotspot\src\share\vm\prims\jvm.cpp, line 1502]
Event: 0.192 Thread 0x000001f93e0ce000 Exception <a 'java/security/PrivilegedActionException'> (0x00000000eac3f108) thrown at [C:\jenkins\workspace\8-2-build-windows-amd64-cygwin\jdk8u251\737\hotspot\src\share\vm\prims\jvm.cpp, line 1502]
Event: 0.192 Thread 0x000001f93e0ce000 Exception <a 'java/security/PrivilegedActionException'> (0x00000000eac3f318) thrown at [C:\jenkins\workspace\8-2-build-windows-amd64-cygwin\jdk8u251\737\hotspot\src\share\vm\prims\jvm.cpp, line 1502]
Event: 0.450 Thread 0x000001f93e0ce000 Exception <a 'java/lang/NoSuchFieldError': method resolution failed> (0x00000000eb09b750) thrown at [C:\jenkins\workspace\8-2-build-windows-amd64-cygwin\jdk8u251\737\hotspot\src\share\vm\prims\methodHandles.cpp, line 1167]
Event: 0.452 Thread 0x000001f93e0ce000 Exception <a 'java/lang/NoSuchFieldError': method resolution failed> (0x00000000eb0a8a70) thrown at [C:\jenkins\workspace\8-2-build-windows-amd64-cygwin\jdk8u251\737\hotspot\src\share\vm\prims\methodHandles.cpp, line 1167]
Event: 4.455 Thread 0x000001f93e0ce000 Implicit null exception at 0x000001f93e44696b to 0x000001f93e447649

Events (10 events):
Event: 7.679 Executing VM operation: RevokeBias done
Event: 7.679 Executing VM operation: RevokeBias
Event: 7.679 Executing VM operation: RevokeBias done
Event: 7.679 Executing VM operation: RevokeBias
Event: 7.679 Executing VM operation: RevokeBias done
Event: 7.679 Executing VM operation: RevokeBias
Event: 7.679 Executing VM operation: RevokeBias done
Event: 7.680 Executing VM operation: ParallelGCSystemGC
Event: 7.703 Executing VM operation: ParallelGCSystemGC done
Event: 7.704 Executing VM operation: ParallelGCSystemGC


Dynamic libraries:
0x00007ff665780000 - 0x00007ff66579c000 	C:\Users\dntmd\anaconda3\python.exe
0x00007ffeecfe0000 - 0x00007ffeed1d0000 	C:\WINDOWS\SYSTEM32\ntdll.dll
0x00007ffeec650000 - 0x00007ffeec702000 	C:\WINDOWS\System32\KERNEL32.DLL
0x00007ffeea320000 - 0x00007ffeea5c4000 	C:\WINDOWS\System32\KERNELBASE.dll
0x00007ffeea050000 - 0x00007ffeea14a000 	C:\WINDOWS\System32\ucrtbase.dll
0x00007ffeb6b90000 - 0x00007ffeb6f53000 	C:\Users\dntmd\anaconda3\python37.dll
0x00007ffedfda0000 - 0x00007ffedfdb5000 	C:\Users\dntmd\anaconda3\VCRUNTIME140.dll
0x00007ffeebe90000 - 0x00007ffeebee2000 	C:\WINDOWS\System32\SHLWAPI.dll
0x00007ffeec2c0000 - 0x00007ffeec35e000 	C:\WINDOWS\System32\msvcrt.dll
0x00007ffee38a0000 - 0x00007ffee38aa000 	C:\WINDOWS\SYSTEM32\VERSION.dll
0x00007ffeeca70000 - 0x00007ffeecda6000 	C:\WINDOWS\System32\combase.dll
0x00007ffeece80000 - 0x00007ffeecfa0000 	C:\WINDOWS\System32\RPCRT4.dll
0x00007ffeea150000 - 0x00007ffeea1d0000 	C:\WINDOWS\System32\bcryptPrimitives.dll
0x00007ffeebd30000 - 0x00007ffeebd56000 	C:\WINDOWS\System32\GDI32.dll
0x00007ffee9f70000 - 0x00007ffee9f91000 	C:\WINDOWS\System32\win32u.dll
0x00007ffeea600000 - 0x00007ffeea794000 	C:\WINDOWS\System32\gdi32full.dll
0x00007ffeeaf40000 - 0x00007ffeeafde000 	C:\WINDOWS\System32\msvcp_win.dll
0x00007ffeec120000 - 0x00007ffeec2b4000 	C:\WINDOWS\System32\USER32.dll
0x00007ffeec950000 - 0x00007ffeec9bf000 	C:\WINDOWS\System32\WS2_32.dll
0x00007ffeec070000 - 0x00007ffeec113000 	C:\WINDOWS\System32\ADVAPI32.dll
0x00007ffeebc60000 - 0x00007ffeebcf7000 	C:\WINDOWS\System32\sechost.dll
0x00007ffeebd00000 - 0x00007ffeebd2e000 	C:\WINDOWS\System32\IMM32.DLL
0x00007ffeeaf20000 - 0x00007ffeeaf37000 	C:\WINDOWS\System32\CRYPTSP.dll
0x00007ffee9280000 - 0x00007ffee92b3000 	C:\WINDOWS\system32\rsaenh.dll
0x00007ffeea5d0000 - 0x00007ffeea5f6000 	C:\WINDOWS\System32\bcrypt.dll
0x00007ffee98e0000 - 0x00007ffee98ec000 	C:\WINDOWS\SYSTEM32\CRYPTBASE.dll
0x00007ffed5bb0000 - 0x00007ffed5bbf000 	C:\Users\dntmd\anaconda3\python3.dll
0x00007ffed50f0000 - 0x00007ffed50fd000 	C:\Users\dntmd\anaconda3\DLLs\_hashlib.pyd
0x00007ffe91b80000 - 0x00007ffe91ec9000 	C:\Users\dntmd\anaconda3\Library\bin\libcrypto-1_1-x64.dll
0x00007ffed30a0000 - 0x00007ffed30b5000 	C:\Users\dntmd\anaconda3\DLLs\_socket.pyd
0x00007ffed5090000 - 0x00007ffed5099000 	C:\Users\dntmd\anaconda3\DLLs\select.pyd
0x00007ffed5120000 - 0x00007ffed5138000 	C:\Users\dntmd\anaconda3\DLLs\_bz2.pyd
0x00007ffed4850000 - 0x00007ffed4891000 	C:\Users\dntmd\anaconda3\DLLs\_lzma.pyd
0x00007ffed3080000 - 0x00007ffed309f000 	C:\Users\dntmd\anaconda3\DLLs\_ssl.pyd
0x00007ffeea1d0000 - 0x00007ffeea319000 	C:\WINDOWS\System32\CRYPT32.dll
0x00007ffee9f50000 - 0x00007ffee9f62000 	C:\WINDOWS\System32\MSASN1.dll
0x00007ffea2750000 - 0x00007ffea27fc000 	C:\Users\dntmd\anaconda3\Library\bin\libssl-1_1-x64.dll
0x00007ffee5cf0000 - 0x00007ffee5d22000 	C:\Users\dntmd\anaconda3\DLLs\pyexpat.pyd
0x00007ffed4e60000 - 0x00007ffed4e69000 	C:\Users\dntmd\anaconda3\DLLs\_queue.pyd
0x00007ffee9710000 - 0x00007ffee9777000 	C:\WINDOWS\system32\mswsock.dll
0x00007ffee5ce0000 - 0x00007ffee5ce8000 	C:\Users\dntmd\anaconda3\lib\site-packages\cryptography\hazmat\bindings\_constant_time.cp37-win_amd64.pyd
0x00007ffed9040000 - 0x00007ffed9073000 	C:\Users\dntmd\anaconda3\lib\site-packages\_cffi_backend.cp37-win_amd64.pyd
0x00007ffed4dc0000 - 0x00007ffed4e59000 	C:\Users\dntmd\anaconda3\lib\site-packages\cryptography\hazmat\bindings\_openssl.cp37-win_amd64.pyd
0x00007ffeb80d0000 - 0x00007ffeb81d8000 	C:\Users\dntmd\anaconda3\DLLs\unicodedata.pyd
0x00007ffed4d20000 - 0x00007ffed4dba000 	C:\Users\dntmd\anaconda3\lib\site-packages\PIL\_imaging.cp37-win_amd64.pyd
0x00007ffed4c80000 - 0x00007ffed4d1f000 	C:\Users\dntmd\anaconda3\Library\bin\tiff.dll
0x00007ffee5660000 - 0x00007ffee5679000 	C:\Users\dntmd\anaconda3\Library\bin\zlib.dll
0x00007ffecf9b0000 - 0x00007ffecfa10000 	C:\Users\dntmd\anaconda3\Library\bin\libzstd.dll
0x00007ffed30d0000 - 0x00007ffed30fb000 	C:\Users\dntmd\anaconda3\Library\bin\liblzma.dll
0x0000000052420000 - 0x0000000052444000 	C:\Users\dntmd\anaconda3\lib\site-packages\win32\win32api.pyd
0x00007ffeeb090000 - 0x00007ffeeb774000 	C:\WINDOWS\System32\SHELL32.dll
0x00007ffeeafe0000 - 0x00007ffeeb02a000 	C:\WINDOWS\System32\cfgmgr32.dll
0x00007ffeebde0000 - 0x00007ffeebe89000 	C:\WINDOWS\System32\shcore.dll
0x00007ffeea7a0000 - 0x00007ffeeaf1e000 	C:\WINDOWS\System32\windows.storage.dll
0x00007ffee9f20000 - 0x00007ffee9f43000 	C:\WINDOWS\System32\profapi.dll
0x00007ffee9ed0000 - 0x00007ffee9f1a000 	C:\WINDOWS\System32\powrprof.dll
0x00007ffee9ea0000 - 0x00007ffee9eb0000 	C:\WINDOWS\System32\UMPDC.dll
0x00007ffee9eb0000 - 0x00007ffee9ec1000 	C:\WINDOWS\System32\kernel.appcore.dll
0x00000000503c0000 - 0x00000000503e6000 	C:\Users\dntmd\anaconda3\lib\site-packages\win32\pywintypes37.dll
0x00007ffeebef0000 - 0x00007ffeec047000 	C:\WINDOWS\System32\ole32.dll
0x00007ffeecdb0000 - 0x00007ffeece74000 	C:\WINDOWS\System32\OLEAUT32.dll
0x00007ffeda800000 - 0x00007ffeda80c000 	C:\WINDOWS\SYSTEM32\secur32.dll
0x00007ffee9d90000 - 0x00007ffee9dbf000 	C:\WINDOWS\SYSTEM32\SSPICLI.DLL
0x0000000052480000 - 0x0000000052487000 	C:\Users\dntmd\anaconda3\lib\site-packages\win32\_win32sysloader.pyd
0x0000000051280000 - 0x0000000051314000 	C:\Users\dntmd\anaconda3\Library\bin\pythoncom37.dll
0x00007ffee72d0000 - 0x00007ffee7369000 	C:\WINDOWS\system32\uxtheme.dll
0x00007ffedb0d0000 - 0x00007ffedb2a6000 	C:\WINDOWS\SYSTEM32\urlmon.dll
0x00007ffed64c0000 - 0x00007ffed6766000 	C:\WINDOWS\SYSTEM32\iertutil.dll
0x00007ffea4e00000 - 0x00007ffea4fdc000 	C:\Users\dntmd\anaconda3\lib\site-packages\lxml\etree.cp37-win_amd64.pyd
0x00007ffee5d30000 - 0x00007ffee5d48000 	C:\Users\dntmd\anaconda3\Library\bin\libexslt.dll
0x00007ffeb7cf0000 - 0x00007ffeb7e30000 	C:\Users\dntmd\anaconda3\Library\bin\libxml2.dll
0x00007ffecfaa0000 - 0x00007ffecfada000 	C:\Users\dntmd\anaconda3\Library\bin\libxslt.dll
0x00007ffee5b70000 - 0x00007ffee5b79000 	C:\WINDOWS\SYSTEM32\WSOCK32.dll
0x00007ffec7110000 - 0x00007ffec71fa000 	C:\Users\dntmd\anaconda3\Library\bin\iconv.dll
0x00007ffee5650000 - 0x00007ffee5659000 	C:\Users\dntmd\anaconda3\Library\bin\charset.dll
0x00007ffecf980000 - 0x00007ffecf9af000 	C:\Users\dntmd\anaconda3\lib\site-packages\lxml\_elementpath.cp37-win_amd64.pyd
0x00007ffecbcc0000 - 0x00007ffecbcf9000 	C:\Users\dntmd\anaconda3\lib\site-packages\lxml\html\clean.cp37-win_amd64.pyd
0x00007ffecbc00000 - 0x00007ffecbc35000 	C:\Users\dntmd\anaconda3\DLLs\_elementtree.pyd
0x00007ffe91b30000 - 0x00007ffe91b74000 	C:\Users\dntmd\anaconda3\DLLs\_decimal.pyd
0x00007ffed5140000 - 0x00007ffed5163000 	C:\Users\dntmd\anaconda3\DLLs\_ctypes.pyd
0x00007ffec0280000 - 0x00007ffec031f000 	C:\Users\dntmd\anaconda3\lib\site-packages\_jpype.cp37-win_amd64.pyd
0x00007ffed40e0000 - 0x00007ffed4171000 	C:\WINDOWS\SYSTEM32\MSVCP140.dll
0x00007ffed5b20000 - 0x00007ffed5b2c000 	C:\WINDOWS\SYSTEM32\VCRUNTIME140_1.dll
0x00007ffedfd30000 - 0x00007ffedfd3a000 	C:\Users\dntmd\anaconda3\lib\site-packages\sklearn\__check_build\_check_build.cp37-win_amd64.pyd
0x00007ffed5270000 - 0x00007ffed5277000 	C:\Users\dntmd\anaconda3\lib\site-packages\mkl\_mklinit.cp37-win_amd64.pyd
0x00007ffe90c80000 - 0x00007ffe91b03000 	C:\Users\dntmd\anaconda3\Library\bin\mkl_rt.dll
0x00007ffec6440000 - 0x00007ffec6462000 	C:\Users\dntmd\anaconda3\lib\site-packages\mkl\_py_mkl_service.cp37-win_amd64.pyd
0x00007ffea41d0000 - 0x00007ffea449a000 	C:\Users\dntmd\anaconda3\lib\site-packages\numpy\core\_multiarray_umath.cp37-win_amd64.pyd
0x00007ffed51b0000 - 0x00007ffed51ce000 	C:\Users\dntmd\anaconda3\lib\site-packages\numpy\core\_multiarray_tests.cp37-win_amd64.pyd
0x00007ffed5110000 - 0x00007ffed5119000 	C:\Users\dntmd\anaconda3\lib\site-packages\numpy\linalg\lapack_lite.cp37-win_amd64.pyd
0x00007ffec5a10000 - 0x00007ffec5a3a000 	C:\Users\dntmd\anaconda3\lib\site-packages\numpy\linalg\_umath_linalg.cp37-win_amd64.pyd
0x00007ffed4e70000 - 0x00007ffed4e90000 	C:\Users\dntmd\anaconda3\lib\site-packages\numpy\fft\_pocketfft_internal.cp37-win_amd64.pyd
0x00007ffeb8030000 - 0x00007ffeb80c3000 	C:\Users\dntmd\anaconda3\lib\site-packages\numpy\random\mtrand.cp37-win_amd64.pyd
0x00007ffec59e0000 - 0x00007ffec5a0b000 	C:\Users\dntmd\anaconda3\lib\site-packages\numpy\random\_bit_generator.cp37-win_amd64.pyd
0x00007ffec0210000 - 0x00007ffec023f000 	C:\Users\dntmd\anaconda3\lib\site-packages\numpy\random\_common.cp37-win_amd64.pyd
0x00007ffec01c0000 - 0x00007ffec0209000 	C:\Users\dntmd\anaconda3\lib\site-packages\numpy\random\_bounded_integers.cp37-win_amd64.pyd
0x00007ffec7770000 - 0x00007ffec778d000 	C:\Users\dntmd\anaconda3\lib\site-packages\numpy\random\_mt19937.cp37-win_amd64.pyd
0x00007ffec6590000 - 0x00007ffec65a8000 	C:\Users\dntmd\anaconda3\lib\site-packages\numpy\random\_philox.cp37-win_amd64.pyd
0x00007ffec0e50000 - 0x00007ffec0e65000 	C:\Users\dntmd\anaconda3\lib\site-packages\numpy\random\_pcg64.cp37-win_amd64.pyd
0x00007ffebcf80000 - 0x00007ffebcf92000 	C:\Users\dntmd\anaconda3\lib\site-packages\numpy\random\_sfc64.cp37-win_amd64.pyd
0x00007ffeb7440000 - 0x00007ffeb74e9000 	C:\Users\dntmd\anaconda3\lib\site-packages\numpy\random\_generator.cp37-win_amd64.pyd
0x00007ffe8db50000 - 0x00007ffe8fab3000 	C:\Users\dntmd\anaconda3\Library\bin\mkl_intel_thread.dll
0x00007ffea4c00000 - 0x00007ffea4e00000 	C:\Users\dntmd\anaconda3\Library\bin\libiomp5md.dll
0x00007ffe89720000 - 0x00007ffe8db4b000 	C:\Users\dntmd\anaconda3\Library\bin\mkl_core.dll
0x00007ffe85e90000 - 0x00007ffe8859e000 	C:\Users\dntmd\anaconda3\Library\bin\mkl_avx2.dll
0x00007ffe90020000 - 0x00007ffe90c7e000 	C:\Users\dntmd\anaconda3\Library\bin\mkl_vml_avx2.dll
0x00007ffebcf60000 - 0x00007ffebcf75000 	C:\Users\dntmd\anaconda3\lib\site-packages\scipy\_lib\_ccallback_c.cp37-win_amd64.pyd
0x00007ffed5100000 - 0x00007ffed5110000 	C:\Users\dntmd\anaconda3\lib\site-packages\scipy\_lib\_uarray\_uarray.cp37-win_amd64.pyd
0x00007ffeb9e10000 - 0x00007ffeb9ea0000 	C:\Users\dntmd\anaconda3\lib\site-packages\scipy\fft\_pocketfft\pypocketfft.cp37-win_amd64.pyd
0x00007ffea3d80000 - 0x00007ffea3f99000 	C:\Users\dntmd\anaconda3\lib\site-packages\scipy\sparse\_sparsetools.cp37-win_amd64.pyd
0x00007ffebbdc0000 - 0x00007ffebbe2c000 	C:\Users\dntmd\anaconda3\lib\site-packages\scipy\sparse\_csparsetools.cp37-win_amd64.pyd
0x00007ffeb7c90000 - 0x00007ffeb7ce9000 	C:\Users\dntmd\anaconda3\lib\site-packages\scipy\sparse\csgraph\_shortest_path.cp37-win_amd64.pyd
0x00007ffeb7a00000 - 0x00007ffeb7a24000 	C:\Users\dntmd\anaconda3\lib\site-packages\scipy\sparse\csgraph\_tools.cp37-win_amd64.pyd
0x00007ffeb75a0000 - 0x00007ffeb75c3000 	C:\Users\dntmd\anaconda3\lib\site-packages\scipy\sparse\csgraph\_traversal.cp37-win_amd64.pyd
0x00007ffeb7410000 - 0x00007ffeb743e000 	C:\Users\dntmd\anaconda3\lib\site-packages\scipy\sparse\csgraph\_min_spanning_tree.cp37-win_amd64.pyd
0x00007ffeb73d0000 - 0x00007ffeb7408000 	C:\Users\dntmd\anaconda3\lib\site-packages\scipy\sparse\csgraph\_flow.cp37-win_amd64.pyd
0x00007ffeb6fe0000 - 0x00007ffeb7010000 	C:\Users\dntmd\anaconda3\lib\site-packages\scipy\sparse\csgraph\_matching.cp37-win_amd64.pyd
0x00007ffeb6fa0000 - 0x00007ffeb6fdb000 	C:\Users\dntmd\anaconda3\lib\site-packages\scipy\sparse\csgraph\_reordering.cp37-win_amd64.pyd
0x00007ffebc350000 - 0x00007ffebc367000 	C:\Users\dntmd\anaconda3\lib\site-packages\sklearn\utils\murmurhash.cp37-win_amd64.pyd
0x00007ffed4810000 - 0x00007ffed481a000 	C:\Users\dntmd\anaconda3\DLLs\_multiprocessing.pyd
0x00007ffeb7c70000 - 0x00007ffeb7c88000 	C:\Users\dntmd\anaconda3\lib\site-packages\psutil\_psutil_windows.cp37-win_amd64.pyd
0x00007ffeebc50000 - 0x00007ffeebc58000 	C:\WINDOWS\System32\PSAPI.DLL
0x00007ffec4ff0000 - 0x00007ffec5038000 	C:\WINDOWS\SYSTEM32\pdh.dll
0x00007ffee9420000 - 0x00007ffee945a000 	C:\WINDOWS\SYSTEM32\IPHLPAPI.DLL
0x00007ffee5760000 - 0x00007ffee5773000 	C:\WINDOWS\SYSTEM32\WTSAPI32.dll
0x00007ffee8f70000 - 0x00007ffee8fc6000 	C:\WINDOWS\SYSTEM32\winsta.dll
0x00007ffeacd00000 - 0x00007ffeacd83000 	C:\Users\dntmd\anaconda3\lib\site-packages\scipy\spatial\ckdtree.cp37-win_amd64.pyd
0x00007ffea3ca0000 - 0x00007ffea3d77000 	C:\Users\dntmd\anaconda3\lib\site-packages\scipy\spatial\qhull.cp37-win_amd64.pyd

VM Arguments:
jvm_args: -Dfile.encoding=UTF8 -ea -Xmx1024m 
java_command: <unknown>
java_class_path (initial): C:\Users\dntmd\anaconda3\lib\site-packages\konlpy\java;C:\Users\dntmd\anaconda3\lib\site-packages\konlpy\java\bin;C:\Users\dntmd\anaconda3\lib\site-packages\konlpy\java\*;C:\Users\dntmd\anaconda3\lib\site-packages\konlpy\java\jhannanum-0.8.4.jar;C:\Users\dntmd\anaconda3\lib\site-packages\konlpy\java\kkma-2.0.jar;C:\Users\dntmd\anaconda3\lib\site-packages\konlpy\java\aho-corasick.jar;C:\Users\dntmd\anaconda3\lib\site-packages\konlpy\java\shineware-common-1.0.jar;C:\Users\dntmd\anaconda3\lib\site-packages\konlpy\java\shineware-ds-1.0.jar;C:\Users\dntmd\anaconda3\lib\site-packages\konlpy\java\komoran-3.0.jar;C:\Users\dntmd\anaconda3\lib\site-packages\konlpy\java\snakeyaml-1.12.jar;C:\Users\dntmd\anaconda3\lib\site-packages\konlpy\java\scala-library-2.12.3.jar;C:\Users\dntmd\anaconda3\lib\site-packages\konlpy\java\open-korean-text-2.1.0.jar;C:\Users\dntmd\anaconda3\lib\site-packages\konlpy\java\twitter-text-1.14.7.jar;C:\Users\dntmd\anaconda3\lib\site-packages\konlpy\java\*
Launcher Type: generic

Environment Variables:
PATH=C:\Users\dntmd\anaconda3;C:\Users\dntmd\anaconda3\Library\mingw-w64\bin;C:\Users\dntmd\anaconda3\Library\usr\bin;C:\Users\dntmd\anaconda3\Library\bin;C:\Users\dntmd\anaconda3\Scripts;C:\Users\dntmd\anaconda3\bin;C:\Users\dntmd\anaconda3\condabin;D:\NetSarang\Xftp 6;D:\NetSarang\Xshell 6;C:\Program Files (x86)\Common Files\Oracle\Java\javapath;C:\WINDOWS\system32;C:\WINDOWS;C:\WINDOWS\System32\Wbem;C:\WINDOWS\System32\WindowsPowerShell\v1.0;C:\WINDOWS\System32\OpenSSH;C:\Program Files (x86)\NVIDIA Corporation\PhysX\Common;C:\MinGW\bin;C:\Program Files\mingw-w64\x86_64-4.9.2-win32-seh-rt_v4-rev2\mingw64\bin;D:\Android\android-ndk-r21-windows-x86_64\android-ndk-r21;.;C:\Program Files\NVIDIA Corporation\NVIDIA NvDLISR;C:\Users\dntmd\AppData\Local\Microsoft\WindowsApps;D:\Android\android-ndk-r21-windows-x86_64\android-ndk-r21;C:\Users\dntmd\anaconda3;C:\Users\dntmd\anaconda3\Library;C:\Users\dntmd\anaconda3\Scripts;.;C:\Users\dntmd\AppData\Local\Programs\Microsoft VS Code\bin;C:\Program Files\JetBrains\PyCharm Community Edition 2020.1.1\bin;.
USERNAME=Seolang2
OS=Windows_NT
PROCESSOR_IDENTIFIER=Intel64 Family 6 Model 158 Stepping 10, GenuineIntel



---------------  S Y S T E M  ---------------

OS: Windows 10.0 , 64 bit Build 18362 (10.0.18362.778)

CPU:total 8 (initial active 8) (4 cores per cpu, 2 threads per core) family 6 model 158 stepping 10, cmov, cx8, fxsr, mmx, sse, sse2, sse3, ssse3, sse4.1, sse4.2, popcnt, avx, avx2, aes, clmul, erms, 3dnowpref, lzcnt, ht, tsc, tscinvbit, bmi1, bmi2, adx

Memory: 4k page, physical 16621880k(8436476k free), swap 23016104k(9920660k free)

vm_info: Java HotSpot(TM) 64-Bit Server VM (25.251-b08) for windows-amd64 JRE (1.8.0_251-b08), built on Mar 12 2020 06:31:49 by "" with MS VC++ 10.0 (VS2010)

time: Fri May 15 02:28:37 2020
timezone: 대한민국 표준시
elapsed time: 7 seconds (0d 0h 0m 7s)

